<?xml version="1.0" encoding="UTF-8"?>
<testng-results ignored="0" total="1" passed="1" failed="0" skipped="0">
  <reporter-output>
  </reporter-output>
  <suite started-at="2020-03-03T10:08:09Z" name="Sample test Suite" finished-at="2020-03-03T10:08:48Z" duration-ms="39382">
    <groups>
    </groups>
    <test started-at="2020-03-03T10:08:09Z" name="Sample test" finished-at="2020-03-03T10:08:48Z" duration-ms="39382">
      <class name="com.training.sanity.tests.LoginTests">
        <test-method is-config="true" signature="setUpBeforeClass()[pri:0, instance:com.training.sanity.tests.LoginTests@258e2e41]" started-at="2020-03-03T15:38:09Z" name="setUpBeforeClass" finished-at="2020-03-03T15:38:09Z" duration-ms="24" status="PASS">
          <reporter-output>
          </reporter-output>
        </test-method> <!-- setUpBeforeClass -->
        <test-method is-config="true" signature="setUp()[pri:0, instance:com.training.sanity.tests.LoginTests@258e2e41]" started-at="2020-03-03T15:38:09Z" name="setUp" finished-at="2020-03-03T15:38:39Z" duration-ms="30173" status="PASS">
          <reporter-output>
          </reporter-output>
        </test-method> <!-- setUp -->
        <test-method signature="validLoginTest()[pri:0, instance:com.training.sanity.tests.LoginTests@258e2e41]" started-at="2020-03-03T15:38:39Z" name="validLoginTest" finished-at="2020-03-03T15:38:46Z" duration-ms="7133" status="PASS">
          <reporter-output>
          </reporter-output>
        </test-method> <!-- validLoginTest -->
        <test-method is-config="true" signature="tearDown()[pri:0, instance:com.training.sanity.tests.LoginTests@258e2e41]" started-at="2020-03-03T15:38:46Z" name="tearDown" finished-at="2020-03-03T15:38:48Z" duration-ms="2017" status="PASS">
          <reporter-output>
          </reporter-output>
        </test-method> <!-- tearDown -->
      </class> <!-- com.training.sanity.tests.LoginTests -->
    </test> <!-- Sample test -->
  </suite> <!-- Sample test Suite -->
</testng-results>
